     1                                  bits 32 
     2                                  
     3                                  global start, concat_string_final    
     4                                  
     5                                  extern exit, scanf, printf, concatenate_string       
     6                                  import exit msvcrt.dll    
     7                                  import scanf msvcrt.dll
     8                                  import printf msvcrt.dll
     9                                  
    10                                  ;Three strings (of characters) are read from the keyboard. Identify and display the result of their concatenation.
    11                                  segment data use32 class=data
    12 00000000 <res 0000005A>              concat_string_final resb 90
    13 0000005A <res 0000001E>              string_1 resb 30
    14 00000078 <res 0000001E>              string_2 resb 30
    15 00000096 <res 0000001E>              string_3 resb 30
    16 000000B4 257300                      format_read_string db "%s", 0
    17                                      
    18                                  segment code use32 class=code
    19                                      start:
    20 00000000 68[5A000000]                    push dword string_1
    21 00000005 68[B4000000]                    push format_read_string
    22 0000000A FF15[00000000]                  call [scanf]
    23 00000010 83C408                          add esp, 4 * 2; citim primul sir de la tastatura
    24                                          
    25 00000013 68[78000000]                    push dword string_2
    26 00000018 68[B4000000]                    push format_read_string
    27 0000001D FF15[00000000]                  call [scanf]
    28 00000023 83C408                          add esp, 4 * 2; citim al doilea sir de la tastatura
    29                                          
    30 00000026 68[96000000]                    push dword string_3
    31 0000002B 68[B4000000]                    push format_read_string
    32 00000030 FF15[00000000]                  call [scanf]
    33 00000036 83C408                          add esp, 4 * 2; citim al treilea sir de la tastatura
    34                                          
    35 00000039 BB00000000                      mov ebx, 0; in ebx avem pozitia din concat_string_final
    36                                          
    37 0000003E 68[5A000000]                    push string_1
    38 00000043 E8(00000000)                    call concatenate_string
    39 00000048 83C404                          add esp, 4 ; parcurgem primul sir
    40                                          
    41 0000004B 68[78000000]                    push string_2
    42 00000050 E8(00000000)                    call concatenate_string
    43 00000055 83C404                          add esp, 4 ; parcurgem al doilea sir
    44                                          
    45 00000058 68[96000000]                    push string_3
    46 0000005D E8(00000000)                    call concatenate_string
    47 00000062 83C404                          add esp, 4 ; parcugem al treilea sir
    48                                          
    49 00000065 68[00000000]                    push concat_string_final
    50 0000006A FF15[00000000]                  call [printf]
    51 00000070 83C404                          add esp, 4 * 1; afisam sirul concatenat 
    52                                      
    53                                          ; exit(0)
    54 00000073 6A00                            push    dword 0      ; push the parameter for exit onto the stack
    55 00000075 FF15[00000000]                  call    [exit]       ; call exit to terminate the program
