     1                                  bits 32
     2                                  global concatenate_string
     3                                  extern concat_string_final
     4                                  segment data use32 class=data
     5                                      
     6                                  segment code use32 class=code
     7                                      concatenate_string:
     8 00000000 8B742404                        mov esi, [esp + 4] ; string1
     9 00000004 B900000000                      mov ecx, 0
    10                                          
    11                                          while_byte_esi_differ_from_0:
    12                                          
    13 00000009 8A140E                              mov dl, byte [esi + ecx]
    14 0000000C 80FA00                              cmp dl, 0
    15 0000000F 740A                                je fin_of_while
    16                                              
    17 00000011 8893[00000000]                      mov byte [concat_string_final + ebx], dl
    18 00000017 41                                  inc ecx
    19 00000018 43                                  inc ebx
    20 00000019 EBEE                                jmp while_byte_esi_differ_from_0
    21                                              
    22                                          fin_of_while:  
    23 0000001B C3                              ret
